09:52:39.115 [main] INFO  c.dnikitin.poker.client.PokerClient - Connected to server at localhost:9999
09:52:39.121 [ServerListener] DEBUG c.dnikitin.poker.client.PokerClient - Server: HELLO VERSION=1.0
09:53:06.420 [main] DEBUG c.dnikitin.poker.client.PokerClient - Sent: JOIN GAME=b76eb4ec-7afb-4b8a-be21-4d655ffcb456 NAME=dgdhd
09:53:06.422 [ServerListener] DEBUG c.dnikitin.poker.client.PokerClient - Server: LOBBY PLAYER=e6939a02-5a5d-4e8d-81ce-b19faad158df CHIPS=1000 NAME=dgdhd
09:53:06.424 [ServerListener] DEBUG c.dnikitin.poker.client.PokerClient - Server: WELCOME GAME=b76eb4ec-7afb-4b8a-be21-4d655ffcb456 PLAYER=e6939a02-5a5d-4e8d-81ce-b19faad158df NAME=dgdhd
09:53:06.424 [ServerListener] DEBUG c.dnikitin.poker.client.PokerClient - Server: LOBBY PLAYER=6c603f49-010f-4d53-8f28-b1391878f377 CHIPS=1000 NAME=dimwfs
09:53:09.560 [ServerListener] DEBUG c.dnikitin.poker.client.PokerClient - Server: STARTED GAME=b76eb4ec-7afb-4b8a-be21-4d655ffcb456
09:53:09.569 [ServerListener] DEBUG c.dnikitin.poker.client.PokerClient - Server: STATE PHASE=ANTE
09:53:09.570 [ServerListener] DEBUG c.dnikitin.poker.client.PokerClient - Server: ACTION PLAYER=6c603f49-010f-4d53-8f28-b1391878f377 TYPE=ANTE AMOUNT=10 MSG=Paid_Ante
09:53:09.573 [ServerListener] DEBUG c.dnikitin.poker.client.PokerClient - Server: ACTION PLAYER=e6939a02-5a5d-4e8d-81ce-b19faad158df TYPE=ANTE AMOUNT=10 MSG=Paid_Ante
09:53:09.573 [ServerListener] DEBUG c.dnikitin.poker.client.PokerClient - Server: ROUND POT=20 HIGHESTBET=0
09:53:09.573 [ServerListener] DEBUG c.dnikitin.poker.client.PokerClient - Server: STATE PHASE=DEALING
09:53:09.577 [ServerListener] DEBUG c.dnikitin.poker.client.PokerClient - Server: DEAL PLAYER=6c603f49-010f-4d53-8f28-b1391878f377 CARDS=HIDDEN COUNT=5
09:53:09.577 [ServerListener] DEBUG c.dnikitin.poker.client.PokerClient - Server: DEAL PLAYER=e6939a02-5a5d-4e8d-81ce-b19faad158df CARDS=A♦,10♣,J♥,Q♥,Q♣
09:53:09.582 [ServerListener] DEBUG c.dnikitin.poker.client.PokerClient - Server: STATE PHASE=BETTING_1
09:53:09.582 [ServerListener] DEBUG c.dnikitin.poker.client.PokerClient - Server: TURN PLAYER=e6939a02-5a5d-4e8d-81ce-b19faad158df PHASE=BE09:53:09.586 [ServerListener09:53:20.560 [main] DEBUG c.dnikitin.poker.client.PokerClient - Sent: b76eb4ec-7afb-4b8a-be21-4d655ffcb456 e6939a02-5a5d-4e8d-81ce-b19faad158df CHECK
09:53:20.562 [ServerListener] DEBUG c.dnikitin.poker.client.PokerClient - Server: ACTION PLAYER=e6939a02-5a5d-4e8d-81ce-b19faad158df TYPE=CHECK AMOUNT=0 MSG=Checked
09:53:20.564 [ServerListener] DEBUG c.dnikitin.poker.client.PokerClient - Server: TURN PLAYER=6c603f49-010f-4d53-8f28-b1391878f377 PHASE=BETTING_1 CALL=0 MINRAISE=10
09:53:20.564 [ServerListener] DEBUG c.dnikitin.poker.client.PokerClient - Server: OK
09:53:33.107 [ServerListener] DEBUG c.dnikitin.poker.client.PokerClient - Server: ACTION PLAYER=6c603f49-010f-4d53-8f28-b1391878f377 TYPE=CHECK AMOUNT=0 MSG=Checked
09:53:33.111 [ServerListener] DEBUG c.dnikitin.poker.client.PokerClient - Server: ROUND POT=20 HIGHESTBET=0
09:53:33.114 [ServerListener] DEBUG c.dnikitin.poker.client.PokerClient - Server: STATE PHASE=DRAWING
09:53:33.114 [ServerListener] DEBUG c.dnikitin.poker.client.PokerClient - Server: TURN PLAYER=e6939a02-5a5d-4e8d-81ce-b19faad158df PHASE=DRAWING CALL=0 MINRAISE=10
09:53:38.401 [main] DEBUG c.dnikitin.poker.client.PokerClient - Sent: b76eb4ec-7afb-4b8a-be21-4d655ffcb456 e6939a02-5a5d-4e8d-81ce-b19faad158df FOLD
09:53:38.403 [ServerListener] DEBUG c.dnikitin.poker.client.PokerClient - Server: ERR CODE=INVALID_MOVE REASON=Action_allowed_only_during_betting_phases_Current_DRAWING
09:53:51.069 [main] DEBUG c.dnikitin.poker.client.PokerClient - Sent: b76eb4ec-7afb-4b8a-be21-4d655ffcb456 e6939a02-5a5d-4e8d-81ce-b19faad158df DRAW CARDS=none
09:53:51.073 [ServerListener] DEBUG c.dnikitin.poker.client.PokerClient - Server: DEAL PLAYER=e6939a02-5a5d-4e8d-81ce-b19faad158df CARDS=A♦,10♣,J♥,Q♥,Q♣
09:53:51.075 [ServerListener] DEBUG c.dnikitin.poker.client.PokerClient - Server: ACTION PLAYER=e6939a02-5a5d-4e8d-81ce-b19faad158df TYPE=DRAW AMOUNT=0 MSG=Exchanged_0_cards
09:53:51.076 [ServerListener] DEBUG c.dnikitin.poker.client.PokerClient - Server: TURN PLAYER=6c603f49-010f-4d53-8f28-b1391878f377 PHASE=DRAWING CALL=0 MINRAISE=10
09:53:51.076 [ServerListener] DEBUG c.dnikitin.poker.client.PokerClient - Server: OK
09:53:55.308 [ServerListener] DEBUG c.dnikitin.poker.client.PokerClient - Server: DEAL PLAYER=6c603f49-010f-4d53-8f28-b1391878f377 CARDS=HIDDEN COUNT=5
09:53:55.308 [ServerListener] DEBUG c.dnikitin.poker.client.PokerClient - Server: ACTION PLAYER=6c603f49-010f-4d53-8f28-b1391878f377 TYPE=DRAW AMOUNT=0 MSG=Exchanged_0_cards
09:53:55.309 [ServerListener] DEBUG c.dnikitin.poker.client.PokerClient - Server: ROUND POT=20 HIGHESTBET=0
09:53:55.310 [ServerListener] DEBUG c.dnikitin.poker.client.PokerClient - Server: STATE PHASE=BETTING_2
09:53:55.312 [ServerListener] DEBUG c.dnikitin.poker.client.PokerClient - Server: TURN PLAYER=e6939a02-5a5d-4e8d-81ce-b19faad158df PHASE=BETTING_2 CALL=0 MINRAISE=10
09:54:01.756 [main] DEBUG c.dnikitin.poker.client.PokerClient - Sent: b76eb4ec-7afb-4b8a-be21-4d655ffcb456 e6939a02-5a5d-4e8d-81ce-b19faad158df FOLD
09:54:01.758 [ServerListener] DEBUG c.dnikitin.poker.client.PokerClient - Server: ACTION PLAYER=e6939a02-5a5d-4e8d-81ce-b19faad158df TYPE=FOLD AMOUNT=0 MSG=Folded
09:54:01.758 [ServerListener] DEBUG c.dnikitin.poker.client.PokerClient - Server: ROUND POT=20 HIGHESTBET=0
09:54:01.760 [ServerListener] DEBUG c.dnikitin.poker.client.PokerClient - Server: WINNER PLAYER=6c603f49-010f-4d53-8f28-b1391878f377 POT=20 RANK=Opponents Folded CARDS=A♠,10♦,7♣,2♠,Q♦
09:54:01.762 [ServerListener] DEBUG c.dnikitin.poker.client.PokerClient - Server: STATE PHASE=FINISHED
09:54:01.762 [ServerListener] DEBUG c.dnikitin.poker.client.PokerClient - Server: OK
poker.client.PokerClient - Server: ERR CODE=OUT_OF_TURN REASON=Not_your_turn
09:54:01.757 [ServerListener] DEBUG c.dnikitin.poker.client.PokerClient - Server: ACTION PLAYER=e6939a02-5a5d-4e8d-81ce-b19faad158df TYPE=FOLD AMOUNT=0 MSG=Folded
09:54:01.758 [ServerListener] DEBUG c.dnikitin.poker.client.PokerClient - Server: ROUND POT=20 HIGHESTBET=0
09:54:01.760 [ServerListener] DEBUG c.dnikitin.poker.client.PokerClient - Server: WINNER PLAYER=6c603f49-010f-4d53-8f28-b1391878f377 POT=20 RANK=Opponents Folded CARDS=A♠,10♦,7♣,2♠,Q♦
09:54:01.762 [ServerListener] DEBUG c.dnikitin.poker.client.PokerClient - Server: STATE PHASE=FINISHED
